<html>
<head>
<title>TestNG:  C:/Users/LR Disemelo/Documents/JPMasterclass/AutomationDemo</title>
<link href="../testng.css" rel="stylesheet" type="text/css" />
<link href="../my-testng.css" rel="stylesheet" type="text/css" />

<style type="text/css">
.log { display: none;} 
.stack-trace { display: none;} 
</style>
<script type="text/javascript">
<!--
function flip(e) {
  current = e.style.display;
  if (current == 'block') {
    e.style.display = 'none';
    return 0;
  }
  else {
    e.style.display = 'block';
    return 1;
  }
}

function toggleBox(szDivId, elem, msg1, msg2)
{
  var res = -1;  if (document.getElementById) {
    res = flip(document.getElementById(szDivId));
  }
  else if (document.all) {
    // this is the way old msie versions work
    res = flip(document.all[szDivId]);
  }
  if(elem) {
    if(res == 0) elem.innerHTML = msg1; else elem.innerHTML = msg2;
  }

}

function toggleAllBoxes() {
  if (document.getElementsByTagName) {
    d = document.getElementsByTagName('div');
    for (i = 0; i < d.length; i++) {
      if (d[i].className == 'log') {
        flip(d[i]);
      }
    }
  }
}

// -->
</script>

</head>
<body>
<h2 align='center'>C:/Users/LR Disemelo/Documents/JPMasterclass/AutomationDemo</h2><table border='1' align="center">
<tr>
<td>Tests passed/Failed/Skipped:</td><td>18/0/0</td>
</tr><tr>
<td>Started on:</td><td>Tue Jul 27 20:00:33 CAT 2021</td>
</tr>
<tr><td>Total time:</td><td>107 seconds (107242 ms)</td>
</tr><tr>
<td>Included groups:</td><td></td>
</tr><tr>
<td>Excluded groups:</td><td></td>
</tr>
</table><p/>
<small><i>(Hover the method name to see the test class name)</i></small><p/>
<table width='100%' border='1' class='invocation-failed'>
<tr><td colspan='4' align='center'><b>FAILED CONFIGURATIONS</b></td></tr>
<tr><td><b>Test method</b></td>
<td width="30%"><b>Exception</b></td>
<td width="10%"><b>Time (seconds)</b></td>
<td><b>Instance</b></td>
</tr>
<tr>
<td title='demonstration.ProductsBackLightPage.tearDown()'><b>tearDown</b><br>Test class: demonstration.ProductsBackLightPage</td>
<td><div><pre>org.openqa.selenium.NoSuchSessionException: invalid session id
Build info: version: &apos;3.141.59&apos;, revision: &apos;e82be7d358&apos;, time: &apos;2018-11-14T08:17:03&apos;
System info: host: &apos;DESKTOP-PFSO53L&apos;, ip: &apos;192.168.0.117&apos;, os.name: &apos;Windows 10&apos;, os.arch: &apos;amd64&apos;, os.version: &apos;10.0&apos;, java.version: &apos;11.0.11&apos;
Driver info: org.openqa.selenium.chrome.ChromeDriver
Capabilities {acceptInsecureCerts: false, browserName: chrome, browserVersion: 91.0.4472.164, chrome: {chromedriverVersion: 91.0.4472.101 (af52a90bf870..., userDataDir: C:\Users\LRDISE~1\AppData\L...}, goog:chromeOptions: {debuggerAddress: localhost:23421}, javascriptEnabled: true, networkConnectionEnabled: false, pageLoadStrategy: normal, platform: WINDOWS, platformName: WINDOWS, proxy: Proxy(), setWindowRect: true, strictFileInteractability: false, timeouts: {implicit: 0, pageLoad: 300000, script: 30000}, unhandledPromptBehavior: dismiss and notify, webauthn:extension:largeBlob: true, webauthn:virtualAuthenticators: true}
Session ID: 6c12d2a2e2a23016fb80f4e172cfb186
	at java.base/jdk.internal.reflect.NativeConstructorAccessorImpl.newInstance0(Native Method)
	at java.base/jdk.internal.reflect.NativeConstructorAccessorImpl.newInstance(NativeConstructorAccessorImpl.java:62)
	at java.base/jdk.internal.reflect.DelegatingConstructorAccessorImpl.newInstance(DelegatingConstructorAccessorImpl.java:45)
	at java.base/java.lang.reflect.Constructor.newInstance(Constructor.java:490)
	at org.openqa.selenium.remote.http.W3CHttpResponseCodec.createException(W3CHttpResponseCodec.java:187)
	at org.openqa.selenium.remote.http.W3CHttpResponseCodec.decode(W3CHttpResponseCodec.java:122)
	at org.openqa.selenium.remote.http.W3CHttpResponseCodec.decode(W3CHttpResponseCodec.java:49)
	at org.openqa.selenium.remote.HttpCommandExecutor.execute(HttpCommandExecutor.java:158)
	at org.openqa.selenium.remote.service.DriverCommandExecutor.execute(DriverCommandExecutor.java:83)
	at org.openqa.selenium.remote.RemoteWebDriver.execute(RemoteWebDriver.java:552)
	at org.openqa.selenium.remote.RemoteWebDriver.execute(RemoteWebDriver.java:609)
	at org.openqa.selenium.remote.RemoteWebDriver.close(RemoteWebDriver.java:442)
	at demonstration.ProductsBackLightPage.tearDown(ProductsBackLightPage.java:126)
	at java.base/jdk.internal.reflect.NativeMethodAccessorImpl.invoke0(Native Method)
	at java.base/jdk.internal.reflect.NativeMethodAccessorImpl.invoke(NativeMethodAccessorImpl.java:62)
	at java.base/jdk.internal.reflect.DelegatingMethodAccessorImpl.invoke(DelegatingMethodAccessorImpl.java:43)
	at java.base/java.lang.reflect.Method.invoke(Method.java:566)
	at org.testng.internal.MethodInvocationHelper.invokeMethod(MethodInvocationHelper.java:133)
	at org.testng.internal.MethodInvocationHelper.invokeMethodConsideringTimeout(MethodInvocationHelper.java:62)
	at org.testng.internal.ConfigInvoker.invokeConfigurationMethod(ConfigInvoker.java:385)
	at org.testng.internal.ConfigInvoker.invokeConfigurations(ConfigInvoker.java:321)
	at org.testng.TestRunner.invokeTestConfigurations(TestRunner.java:637)
	at org.testng.TestRunner.afterRun(TestRunner.java:877)
	at org.testng.TestRunner.run(TestRunner.java:599)
	at org.testng.SuiteRunner.runTest(SuiteRunner.java:377)
	at org.testng.SuiteRunner.runSequentially(SuiteRunner.java:371)
	at org.testng.SuiteRunner.privateRun(SuiteRunner.java:332)
	at org.testng.SuiteRunner.run(SuiteRunner.java:276)
	at org.testng.SuiteRunnerWorker.runSuite(SuiteRunnerWorker.java:53)
	at org.testng.SuiteRunnerWorker.run(SuiteRunnerWorker.java:96)
	at org.testng.TestNG.runSuitesSequentially(TestNG.java:1212)
	at org.testng.TestNG.runSuitesLocally(TestNG.java:1134)
	at org.testng.TestNG.runSuites(TestNG.java:1063)
	at org.testng.TestNG.run(TestNG.java:1031)
	at org.apache.maven.surefire.testng.TestNGExecutor.run(TestNGExecutor.java:284)
	at org.apache.maven.surefire.testng.TestNGXmlTestSuite.execute(TestNGXmlTestSuite.java:75)
	at org.apache.maven.surefire.testng.TestNGProvider.invoke(TestNGProvider.java:119)
	at org.apache.maven.surefire.booter.ForkedBooter.runSuitesInProcess(ForkedBooter.java:428)
	at org.apache.maven.surefire.booter.ForkedBooter.execute(ForkedBooter.java:162)
	at org.apache.maven.surefire.booter.ForkedBooter.run(ForkedBooter.java:562)
	at org.apache.maven.surefire.booter.ForkedBooter.main(ForkedBooter.java:548)
</pre></div><a href='#' onClick='toggleBox("stack-trace1309934743", this, "Click to show all stack frames", "Click to hide stack frames")'>Click to show all stack frames</a>
<div class='stack-trace' id='stack-trace1309934743'><pre>org.openqa.selenium.NoSuchSessionException: invalid session id
Build info: version: &apos;3.141.59&apos;, revision: &apos;e82be7d358&apos;, time: &apos;2018-11-14T08:17:03&apos;
System info: host: &apos;DESKTOP-PFSO53L&apos;, ip: &apos;192.168.0.117&apos;, os.name: &apos;Windows 10&apos;, os.arch: &apos;amd64&apos;, os.version: &apos;10.0&apos;, java.version: &apos;11.0.11&apos;
Driver info: org.openqa.selenium.chrome.ChromeDriver
Capabilities {acceptInsecureCerts: false, browserName: chrome, browserVersion: 91.0.4472.164, chrome: {chromedriverVersion: 91.0.4472.101 (af52a90bf870..., userDataDir: C:\Users\LRDISE~1\AppData\L...}, goog:chromeOptions: {debuggerAddress: localhost:23421}, javascriptEnabled: true, networkConnectionEnabled: false, pageLoadStrategy: normal, platform: WINDOWS, platformName: WINDOWS, proxy: Proxy(), setWindowRect: true, strictFileInteractability: false, timeouts: {implicit: 0, pageLoad: 300000, script: 30000}, unhandledPromptBehavior: dismiss and notify, webauthn:extension:largeBlob: true, webauthn:virtualAuthenticators: true}
Session ID: 6c12d2a2e2a23016fb80f4e172cfb186
	at java.base/jdk.internal.reflect.NativeConstructorAccessorImpl.newInstance0(Native Method)
	at java.base/jdk.internal.reflect.NativeConstructorAccessorImpl.newInstance(NativeConstructorAccessorImpl.java:62)
	at java.base/jdk.internal.reflect.DelegatingConstructorAccessorImpl.newInstance(DelegatingConstructorAccessorImpl.java:45)
	at java.base/java.lang.reflect.Constructor.newInstance(Constructor.java:490)
	at org.openqa.selenium.remote.http.W3CHttpResponseCodec.createException(W3CHttpResponseCodec.java:187)
	at org.openqa.selenium.remote.http.W3CHttpResponseCodec.decode(W3CHttpResponseCodec.java:122)
	at org.openqa.selenium.remote.http.W3CHttpResponseCodec.decode(W3CHttpResponseCodec.java:49)
	at org.openqa.selenium.remote.HttpCommandExecutor.execute(HttpCommandExecutor.java:158)
	at org.openqa.selenium.remote.service.DriverCommandExecutor.execute(DriverCommandExecutor.java:83)
	at org.openqa.selenium.remote.RemoteWebDriver.execute(RemoteWebDriver.java:552)
	at org.openqa.selenium.remote.RemoteWebDriver.execute(RemoteWebDriver.java:609)
	at org.openqa.selenium.remote.RemoteWebDriver.close(RemoteWebDriver.java:442)
	at demonstration.ProductsBackLightPage.tearDown(ProductsBackLightPage.java:126)
	at java.base/jdk.internal.reflect.NativeMethodAccessorImpl.invoke0(Native Method)
	at java.base/jdk.internal.reflect.NativeMethodAccessorImpl.invoke(NativeMethodAccessorImpl.java:62)
	at java.base/jdk.internal.reflect.DelegatingMethodAccessorImpl.invoke(DelegatingMethodAccessorImpl.java:43)
	at java.base/java.lang.reflect.Method.invoke(Method.java:566)
	at org.testng.internal.MethodInvocationHelper.invokeMethod(MethodInvocationHelper.java:133)
	at org.testng.internal.MethodInvocationHelper.invokeMethodConsideringTimeout(MethodInvocationHelper.java:62)
	at org.testng.internal.ConfigInvoker.invokeConfigurationMethod(ConfigInvoker.java:385)
	at org.testng.internal.ConfigInvoker.invokeConfigurations(ConfigInvoker.java:321)
	at org.testng.TestRunner.invokeTestConfigurations(TestRunner.java:637)
	at org.testng.TestRunner.afterRun(TestRunner.java:877)
	at org.testng.TestRunner.run(TestRunner.java:599)
	at org.testng.SuiteRunner.runTest(SuiteRunner.java:377)
	at org.testng.SuiteRunner.runSequentially(SuiteRunner.java:371)
	at org.testng.SuiteRunner.privateRun(SuiteRunner.java:332)
	at org.testng.SuiteRunner.run(SuiteRunner.java:276)
	at org.testng.SuiteRunnerWorker.runSuite(SuiteRunnerWorker.java:53)
	at org.testng.SuiteRunnerWorker.run(SuiteRunnerWorker.java:96)
	at org.testng.TestNG.runSuitesSequentially(TestNG.java:1212)
	at org.testng.TestNG.runSuitesLocally(TestNG.java:1134)
	at org.testng.TestNG.runSuites(TestNG.java:1063)
	at org.testng.TestNG.run(TestNG.java:1031)
	at org.apache.maven.surefire.testng.TestNGExecutor.run(TestNGExecutor.java:284)
	at org.apache.maven.surefire.testng.TestNGXmlTestSuite.execute(TestNGXmlTestSuite.java:75)
	at org.apache.maven.surefire.testng.TestNGProvider.invoke(TestNGProvider.java:119)
	at org.apache.maven.surefire.booter.ForkedBooter.runSuitesInProcess(ForkedBooter.java:428)
	at org.apache.maven.surefire.booter.ForkedBooter.execute(ForkedBooter.java:162)
	at org.apache.maven.surefire.booter.ForkedBooter.run(ForkedBooter.java:562)
	at org.apache.maven.surefire.booter.ForkedBooter.main(ForkedBooter.java:548)
</pre></div></td>
<td>0</td>
<td>demonstration.ProductsBackLightPage@332729ad</td></tr>
</table><p>
<table width='100%' border='1' class='invocation-skipped'>
<tr><td colspan='4' align='center'><b>SKIPPED CONFIGURATIONS</b></td></tr>
<tr><td><b>Test method</b></td>
<td width="30%"><b>Exception</b></td>
<td width="10%"><b>Time (seconds)</b></td>
<td><b>Instance</b></td>
</tr>
<tr>
<td title='demonstration.ProductsFleeceJacketPage.tearDown()'><b>tearDown</b><br>Test class: demonstration.ProductsFleeceJacketPage</td>
<td></td>
<td>-1627408940</td>
<td>demonstration.ProductsFleeceJacketPage@9573584</td></tr>
<tr>
<td title='demonstration.ProductsPages.tearDown()'><b>tearDown</b><br>Test class: demonstration.ProductsPages</td>
<td></td>
<td>-1627408940</td>
<td>demonstration.ProductsPages@53251a66</td></tr>
<tr>
<td title='demonstration.ProductsBoltTshirtPage.tearDown()'><b>tearDown</b><br>Test class: demonstration.ProductsBoltTshirtPage</td>
<td></td>
<td>-1627408940</td>
<td>demonstration.ProductsBoltTshirtPage@4278284b</td></tr>
<tr>
<td title='demonstration.ProductsOnsiePage.tearDown()'><b>tearDown</b><br>Test class: demonstration.ProductsOnsiePage</td>
<td></td>
<td>-1627408940</td>
<td>demonstration.ProductsOnsiePage@3370f42</td></tr>
<tr>
<td title='demonstration.ProductsTestAllPage.tearDown()'><b>tearDown</b><br>Test class: demonstration.ProductsTestAllPage</td>
<td></td>
<td>-1627408940</td>
<td>demonstration.ProductsTestAllPage@6853425f</td></tr>
<tr>
<td title='demonstration.ProductsBackPackPage.tearDown()'><b>tearDown</b><br>Test class: demonstration.ProductsBackPackPage</td>
<td></td>
<td>-1627408940</td>
<td>demonstration.ProductsBackPackPage@75d2da2d</td></tr>
</table><p>
<table width='100%' border='1' class='invocation-passed'>
<tr><td colspan='4' align='center'><b>PASSED TESTS</b></td></tr>
<tr><td><b>Test method</b></td>
<td width="30%"><b>Exception</b></td>
<td width="10%"><b>Time (seconds)</b></td>
<td><b>Instance</b></td>
</tr>
<tr>
<td title='demonstration.ProductsBackPackPage.assertBackPackLabel()'><b>assertBackPackLabel</b><br>Test class: demonstration.ProductsBackPackPage<br>Parameters: problem_user, secret_sauce</td>
<td></td>
<td>4</td>
<td>demonstration.ProductsBackPackPage@75d2da2d</td></tr>
<tr>
<td title='demonstration.ProductsBoltTshirtPage.assertBoltTshirtLabel()'><b>assertBoltTshirtLabel</b><br>Test class: demonstration.ProductsBoltTshirtPage<br>Parameters: performance_glitch_user, secret_sauce</td>
<td></td>
<td>9</td>
<td>demonstration.ProductsBoltTshirtPage@4278284b</td></tr>
<tr>
<td title='demonstration.HomePage.homePageNavigation()'><b>homePageNavigation</b><br>Test class: demonstration.HomePage<br>Parameters: problem_user, secret_sauce</td>
<td></td>
<td>3</td>
<td>demonstration.HomePage@1fb19a0</td></tr>
<tr>
<td title='demonstration.HomePage.homePageNavigation()'><b>homePageNavigation</b><br>Test class: demonstration.HomePage<br>Parameters: standard_user, secret_sauce</td>
<td></td>
<td>5</td>
<td>demonstration.HomePage@1fb19a0</td></tr>
<tr>
<td title='demonstration.ProductsBackPackPage.assertBackPackLabel()'><b>assertBackPackLabel</b><br>Test class: demonstration.ProductsBackPackPage<br>Parameters: standard_user, secret_sauce</td>
<td></td>
<td>5</td>
<td>demonstration.ProductsBackPackPage@75d2da2d</td></tr>
<tr>
<td title='demonstration.ProductsBoltTshirtPage.assertBoltTshirtLabel()'><b>assertBoltTshirtLabel</b><br>Test class: demonstration.ProductsBoltTshirtPage<br>Parameters: standard_user, secret_sauce</td>
<td></td>
<td>5</td>
<td>demonstration.ProductsBoltTshirtPage@4278284b</td></tr>
<tr>
<td title='demonstration.ProductsFleeceJacketPage.assertFleeceJacketLabel()'><b>assertFleeceJacketLabel</b><br>Test class: demonstration.ProductsFleeceJacketPage<br>Parameters: standard_user, secret_sauce</td>
<td></td>
<td>5</td>
<td>demonstration.ProductsFleeceJacketPage@9573584</td></tr>
<tr>
<td title='demonstration.ProductsBackPackPage.assertBackPackLabel()'><b>assertBackPackLabel</b><br>Test class: demonstration.ProductsBackPackPage<br>Parameters: locked_out_user, secret_sauce</td>
<td></td>
<td>3</td>
<td>demonstration.ProductsBackPackPage@75d2da2d</td></tr>
<tr>
<td title='demonstration.ProductsBackLightPage.assertBackLightLabel()'><b>assertBackLightLabel</b><br>Test class: demonstration.ProductsBackLightPage<br>Parameters: standard_user, secret_sauce</td>
<td></td>
<td>5</td>
<td>demonstration.ProductsBackLightPage@332729ad</td></tr>
<tr>
<td title='demonstration.ProductsBoltTshirtPage.assertBoltTshirtLabel()'><b>assertBoltTshirtLabel</b><br>Test class: demonstration.ProductsBoltTshirtPage<br>Parameters: problem_user, secret_sauce</td>
<td></td>
<td>4</td>
<td>demonstration.ProductsBoltTshirtPage@4278284b</td></tr>
<tr>
<td title='demonstration.ProductsFleeceJacketPage.assertFleeceJacketLabel()'><b>assertFleeceJacketLabel</b><br>Test class: demonstration.ProductsFleeceJacketPage<br>Parameters: locked_out_user, secret_sauce</td>
<td></td>
<td>3</td>
<td>demonstration.ProductsFleeceJacketPage@9573584</td></tr>
<tr>
<td title='demonstration.ProductsBackLightPage.assertBackLightLabel()'><b>assertBackLightLabel</b><br>Test class: demonstration.ProductsBackLightPage<br>Parameters: locked_out_user, secret_sauce</td>
<td></td>
<td>3</td>
<td>demonstration.ProductsBackLightPage@332729ad</td></tr>
<tr>
<td title='demonstration.ProductsBackPackPage.assertBackPackLabel()'><b>assertBackPackLabel</b><br>Test class: demonstration.ProductsBackPackPage<br>Parameters: performance_glitch_user, secret_sauce</td>
<td></td>
<td>9</td>
<td>demonstration.ProductsBackPackPage@75d2da2d</td></tr>
<tr>
<td title='demonstration.ProductsBackLightPage.assertBackLightLabel()'><b>assertBackLightLabel</b><br>Test class: demonstration.ProductsBackLightPage<br>Parameters: performance_glitch_user, secret_sauce</td>
<td></td>
<td>9</td>
<td>demonstration.ProductsBackLightPage@332729ad</td></tr>
<tr>
<td title='demonstration.ProductsBoltTshirtPage.assertBoltTshirtLabel()'><b>assertBoltTshirtLabel</b><br>Test class: demonstration.ProductsBoltTshirtPage<br>Parameters: locked_out_user, secret_sauce</td>
<td></td>
<td>4</td>
<td>demonstration.ProductsBoltTshirtPage@4278284b</td></tr>
<tr>
<td title='demonstration.HomePage.homePageNavigation()'><b>homePageNavigation</b><br>Test class: demonstration.HomePage<br>Parameters: locked_out_user, secret_sauce</td>
<td></td>
<td>4</td>
<td>demonstration.HomePage@1fb19a0</td></tr>
<tr>
<td title='demonstration.HomePage.homePageNavigation()'><b>homePageNavigation</b><br>Test class: demonstration.HomePage<br>Parameters: performance_glitch_user, secret_sauce</td>
<td></td>
<td>12</td>
<td>demonstration.HomePage@1fb19a0</td></tr>
<tr>
<td title='demonstration.ProductsBackLightPage.assertBackLightLabel()'><b>assertBackLightLabel</b><br>Test class: demonstration.ProductsBackLightPage<br>Parameters: problem_user, secret_sauce</td>
<td></td>
<td>4</td>
<td>demonstration.ProductsBackLightPage@332729ad</td></tr>
</table><p>
</body>
</html>